[www.tarjetas.cool/modelos/cumple/spiderman/index.html]
[cdn.jsdelivr.net/npm/bootstrap@5.1.3/dist/css/bootstrap.min.css]
[backblue.gif]
[fade.gif]
[index.html]
[cdn.jsdelivr.net/npm/bootstrap-icons@1.9.1/font/bootstrap-icons.css]
[www.tarjetas.cool/modelos/cumple/spiderman/css/styles5e1f.css]
[www.tarjetas.cool/favicon-32x32.png]
[www.tarjetas.cool/favicon-16x16.png]
[www.tarjetas.cool/modelos/cumple/spiderman/img/logo_animado.gif]
[www.tarjetas.cool/modelos/cumple/spiderman/img/1.png]
[www.tarjetas.cool/modelos/cumple/spiderman/img/foto1.jpg]
[www.tarjetas.cool/modelos/cumple/spiderman/sounds/audio3860.mp3]
[www.tarjetas.cool/modelos/cumple/spiderman/img/cinta.png]
[cdn.jsdelivr.net/npm/bootstrap@5.1.3/dist/js/bootstrap.bundle.min.js]
[www.tarjetas.cool/modelos/cumple/spiderman/js/card5e1f.js]
[www.tarjetas.cool/modelos/cumple/spiderman/index.html]
[cdn.jsdelivr.net/npm/bootstrap@5.1.3/dist/css/bootstrap.min.css]
[cdn.jsdelivr.net/npm/bootstrap-icons@1.9.1/font/fonts/bootstrap-iconsd862.woff2]
[cdn.jsdelivr.net/npm/bootstrap-icons@1.9.1/font/fonts/bootstrap-iconsd862.woff]
[cdn.jsdelivr.net/npm/bootstrap-icons@1.9.1/font/bootstrap-icons.css]
[www.tarjetas.cool/modelos/cumple/spiderman/fonts/Mightyspidey-pmaa.ttf]
[www.tarjetas.cool/modelos/cumple/spiderman/img/fondo_tarjeta3860.png]
[www.tarjetas.cool/modelos/cumple/spiderman/img/fondo.jpg]
[www.tarjetas.cool/modelos/cumple/spiderman/css/styles5e1f.css]
[www.tarjetas.cool/modelos/cumple/spiderman/js/card5e1f.js]
